{"uuid":"f2a9cb35-d847-4384-98ae-ae3f7d6fd52f","historyId":"3561999e6da39e271ab4f343bdd46a81","fullName":"Arrays: Verify that user receives error for invalid python code for Find Numbers with Even Number of Digits Question","labels":[{"name":"host","value":"Dineshs-MacBook-Pro.local"},{"name":"thread","value":"31203@Dineshs-MacBook-Pro.local.main(1)"},{"name":"feature","value":"Arrays"},{"name":"story","value":"Verify that user receives error for invalid python code for Find Numbers with Even Number of Digits Question"},{"name":"suite","value":"Arrays"},{"name":"testClass","value":"Verify that user receives error for invalid python code for Find Numbers with Even Number of Digits Question"},{"name":"framework","value":"cucumber4jvm"},{"name":"language","value":"java"},{"name":"gherkin_uri","value":"file:///Users/dineshdeshmukh/eclipse-workspace/NinjaGalaxy/src/test/resources/features/Array.feature"},{"name":"package","value":"src.test.resources.features.Array_feature.Arrays"}],"links":[],"name":"Verify that user receives error for invalid python code for Find Numbers with Even Number of Digits Question","status":"broken","statusDetails":{"known":false,"muted":false,"flaky":false,"message":"Expected condition failed: waiting for alert to be present (tried for 5 second(s) with 500 milliseconds interval)\nBuild info: version: '4.24.0', revision: '748ffc9bc3'\nSystem info: os.name: 'Mac OS X', os.arch: 'x86_64', os.version: '15.1.1', java.version: '11.0.26'\nDriver info: org.openqa.selenium.chrome.ChromeDriver\nCapabilities {acceptInsecureCerts: false, browserName: chrome, browserVersion: 136.0.7103.93, chrome: {chromedriverVersion: 136.0.7103.92 (cb81a4cc5087..., userDataDir: /var/folders/49/t7zfzxpj60s...}, fedcm:accounts: true, goog:chromeOptions: {debuggerAddress: localhost:50014}, networkConnectionEnabled: false, pageLoadStrategy: normal, platformName: mac, proxy: Proxy(), se:cdp: ws://localhost:50014/devtoo..., se:cdpVersion: 136.0.7103.93, setWindowRect: true, strictFileInteractability: false, timeouts: {implicit: 0, pageLoad: 300000, script: 30000}, unhandledPromptBehavior: dismiss and notify, webauthn:extension:credBlob: true, webauthn:extension:largeBlob: true, webauthn:extension:minPinLength: true, webauthn:extension:prf: true, webauthn:virtualAuthenticators: true}\nSession ID: 57eded4a2ad3deacd5e5f6e29b856f2d","trace":"org.openqa.selenium.TimeoutException: Expected condition failed: waiting for alert to be present (tried for 5 second(s) with 500 milliseconds interval)\nBuild info: version: '4.24.0', revision: '748ffc9bc3'\nSystem info: os.name: 'Mac OS X', os.arch: 'x86_64', os.version: '15.1.1', java.version: '11.0.26'\nDriver info: org.openqa.selenium.chrome.ChromeDriver\nCapabilities {acceptInsecureCerts: false, browserName: chrome, browserVersion: 136.0.7103.93, chrome: {chromedriverVersion: 136.0.7103.92 (cb81a4cc5087..., userDataDir: /var/folders/49/t7zfzxpj60s...}, fedcm:accounts: true, goog:chromeOptions: {debuggerAddress: localhost:50014}, networkConnectionEnabled: false, pageLoadStrategy: normal, platformName: mac, proxy: Proxy(), se:cdp: ws://localhost:50014/devtoo..., se:cdpVersion: 136.0.7103.93, setWindowRect: true, strictFileInteractability: false, timeouts: {implicit: 0, pageLoad: 300000, script: 30000}, unhandledPromptBehavior: dismiss and notify, webauthn:extension:credBlob: true, webauthn:extension:largeBlob: true, webauthn:extension:minPinLength: true, webauthn:extension:prf: true, webauthn:virtualAuthenticators: true}\nSession ID: 57eded4a2ad3deacd5e5f6e29b856f2d\n\tat org.openqa.selenium.support.ui.WebDriverWait.timeoutException(WebDriverWait.java:84)\n\tat org.openqa.selenium.support.ui.FluentWait.until(FluentWait.java:228)\n\tat dsAlgoPageObjects.TryEditorPage.HandleAlert(TryEditorPage.java:77)\n\tat stepDefinitions.ArrayStepDefinition.the_user_should_able_to_see_an_error_message_in_alert_window(ArrayStepDefinition.java:484)\n\tat ✽.The user should able to see an error message in alert window(file:///Users/dineshdeshmukh/eclipse-workspace/NinjaGalaxy/src/test/resources/features/Array.feature:216)\n"},"stage":"finished","steps":[{"name":"Given  The user is logged with valid credential and the user is on the Home page","status":"passed","statusDetails":{"known":false,"muted":false,"flaky":false},"stage":"finished","steps":[],"attachments":[],"parameters":[],"start":1746745460703,"stop":1746745460944},{"name":"When  The user clicks the Get Started button in Array Panel","status":"passed","statusDetails":{"known":false,"muted":false,"flaky":false},"stage":"finished","steps":[],"attachments":[],"parameters":[],"start":1746745460945,"stop":1746745461137},{"name":"Then  The user should be navigated to the Array page","status":"passed","statusDetails":{"known":false,"muted":false,"flaky":false},"stage":"finished","steps":[],"attachments":[],"parameters":[],"start":1746745461137,"stop":1746745461153},{"name":"Given  The user is on the try Editor page for Find Numbers with Even Number of Digits practice question","status":"passed","statusDetails":{"known":false,"muted":false,"flaky":false},"stage":"finished","steps":[],"attachments":[],"parameters":[],"start":1746745461153,"stop":1746745461744},{"name":"When  The user clicks Run button with invalidcode from sheetname \"pythonCode1\" and row 0","status":"passed","statusDetails":{"known":false,"muted":false,"flaky":false},"stage":"finished","steps":[],"attachments":[],"parameters":[],"start":1746745461744,"stop":1746745461745},{"name":"Then  The user should able to see an error message in alert window","status":"broken","statusDetails":{"known":false,"muted":false,"flaky":false,"message":"Expected condition failed: waiting for alert to be present (tried for 5 second(s) with 500 milliseconds interval)\nBuild info: version: '4.24.0', revision: '748ffc9bc3'\nSystem info: os.name: 'Mac OS X', os.arch: 'x86_64', os.version: '15.1.1', java.version: '11.0.26'\nDriver info: org.openqa.selenium.chrome.ChromeDriver\nCapabilities {acceptInsecureCerts: false, browserName: chrome, browserVersion: 136.0.7103.93, chrome: {chromedriverVersion: 136.0.7103.92 (cb81a4cc5087..., userDataDir: /var/folders/49/t7zfzxpj60s...}, fedcm:accounts: true, goog:chromeOptions: {debuggerAddress: localhost:50014}, networkConnectionEnabled: false, pageLoadStrategy: normal, platformName: mac, proxy: Proxy(), se:cdp: ws://localhost:50014/devtoo..., se:cdpVersion: 136.0.7103.93, setWindowRect: true, strictFileInteractability: false, timeouts: {implicit: 0, pageLoad: 300000, script: 30000}, unhandledPromptBehavior: dismiss and notify, webauthn:extension:credBlob: true, webauthn:extension:largeBlob: true, webauthn:extension:minPinLength: true, webauthn:extension:prf: true, webauthn:virtualAuthenticators: true}\nSession ID: 57eded4a2ad3deacd5e5f6e29b856f2d","trace":"org.openqa.selenium.TimeoutException: Expected condition failed: waiting for alert to be present (tried for 5 second(s) with 500 milliseconds interval)\nBuild info: version: '4.24.0', revision: '748ffc9bc3'\nSystem info: os.name: 'Mac OS X', os.arch: 'x86_64', os.version: '15.1.1', java.version: '11.0.26'\nDriver info: org.openqa.selenium.chrome.ChromeDriver\nCapabilities {acceptInsecureCerts: false, browserName: chrome, browserVersion: 136.0.7103.93, chrome: {chromedriverVersion: 136.0.7103.92 (cb81a4cc5087..., userDataDir: /var/folders/49/t7zfzxpj60s...}, fedcm:accounts: true, goog:chromeOptions: {debuggerAddress: localhost:50014}, networkConnectionEnabled: false, pageLoadStrategy: normal, platformName: mac, proxy: Proxy(), se:cdp: ws://localhost:50014/devtoo..., se:cdpVersion: 136.0.7103.93, setWindowRect: true, strictFileInteractability: false, timeouts: {implicit: 0, pageLoad: 300000, script: 30000}, unhandledPromptBehavior: dismiss and notify, webauthn:extension:credBlob: true, webauthn:extension:largeBlob: true, webauthn:extension:minPinLength: true, webauthn:extension:prf: true, webauthn:virtualAuthenticators: true}\nSession ID: 57eded4a2ad3deacd5e5f6e29b856f2d\n\tat org.openqa.selenium.support.ui.WebDriverWait.timeoutException(WebDriverWait.java:84)\n\tat org.openqa.selenium.support.ui.FluentWait.until(FluentWait.java:228)\n\tat dsAlgoPageObjects.TryEditorPage.HandleAlert(TryEditorPage.java:77)\n\tat stepDefinitions.ArrayStepDefinition.the_user_should_able_to_see_an_error_message_in_alert_window(ArrayStepDefinition.java:484)\n\tat ✽.The user should able to see an error message in alert window(file:///Users/dineshdeshmukh/eclipse-workspace/NinjaGalaxy/src/test/resources/features/Array.feature:216)\n"},"stage":"finished","steps":[],"attachments":[],"parameters":[],"start":1746745461745,"stop":1746745466830}],"attachments":[],"parameters":[{"name":"Sheetname","value":"pythonCode1"},{"name":"RowNumber","value":"0"}],"start":1746745460595,"stop":1746745466831}